\BOOKMARK [0][-]{chapter*.1}{\376\377\000A\000c\000k\000n\000o\000w\000l\000e\000d\000g\000m\000e\000n\000t\000s}{}% 1
\BOOKMARK [0][-]{chapter*.2}{\376\377\000D\000e\000c\000l\000a\000r\000a\000t\000i\000o\000n}{}% 2
\BOOKMARK [0][-]{chapter*.3}{\376\377\000A\000b\000s\000t\000r\000a\000c\000t}{}% 3
\BOOKMARK [0][-]{chapter*.4}{\376\377\000A\000b\000s\000t\000r\000a\000k\000t}{}% 4
\BOOKMARK [0][-]{chapter*.9}{\376\377\000L\000i\000s\000t\000\040\000o\000f\000\040\000a\000b\000b\000r\000e\000v\000i\000a\000t\000i\000o\000n\000s}{}% 5
\BOOKMARK [0][-]{chapter.1}{\376\377\000I\000n\000t\000r\000o\000d\000u\000c\000t\000i\000o\000n}{}% 6
\BOOKMARK [0][-]{chapter.2}{\376\377\000B\000a\000c\000k\000g\000r\000o\000u\000n\000d}{}% 7
\BOOKMARK [1][-]{section.2.1}{\376\377\000T\000h\000e\000\040\000R\000\040\000P\000r\000o\000g\000r\000a\000m\000m\000i\000n\000g\000\040\000L\000a\000n\000g\000u\000a\000g\000e}{chapter.2}% 8
\BOOKMARK [2][-]{subsection.2.1.1}{\376\377\000K\000e\000y\000\040\000C\000h\000a\000r\000a\000c\000t\000e\000r\000i\000s\000t\000i\000c\000s}{section.2.1}% 9
\BOOKMARK [2][-]{subsection.2.1.2}{\376\377\000A\000s\000s\000i\000g\000n\000m\000e\000n\000t\000\040\000O\000p\000e\000r\000a\000t\000o\000r\000s}{section.2.1}% 10
\BOOKMARK [2][-]{subsection.2.1.3}{\376\377\000T\000y\000p\000e\000\040\000S\000y\000s\000t\000e\000m}{section.2.1}% 11
\BOOKMARK [2][-]{subsection.2.1.4}{\376\377\000P\000e\000c\000u\000l\000i\000a\000r\000i\000t\000i\000e\000s}{section.2.1}% 12
\BOOKMARK [1][-]{section.2.2}{\376\377\000W\000e\000b\000A\000s\000s\000e\000m\000b\000l\000y}{chapter.2}% 13
\BOOKMARK [1][-]{section.2.3}{\376\377\000P\000r\000e\000v\000i\000o\000u\000s\000\040\000w\000o\000r\000k\000s}{chapter.2}% 14
\BOOKMARK [0][-]{chapter.3}{\376\377\000L\000a\000n\000g\000u\000a\000g\000e\000\040\000D\000e\000s\000i\000g\000n\000\040\000a\000n\000d\000\040\000T\000y\000p\000e\000\040\000S\000y\000s\000t\000e\000m}{}% 15
\BOOKMARK [1][-]{section.3.1}{\376\377\000D\000e\000s\000i\000g\000n\000\040\000G\000o\000a\000l\000s}{chapter.3}% 16
\BOOKMARK [1][-]{section.3.2}{\376\377\000T\000y\000p\000e\000d\000\040\000R\000-\000l\000i\000k\000e\000\040\000L\000a\000n\000g\000u\000a\000g\000e}{chapter.3}% 17
\BOOKMARK [1][-]{section.3.3}{\376\377\000S\000y\000n\000t\000a\000x}{chapter.3}% 18
\BOOKMARK [2][-]{subsection.3.3.1}{\376\377\000L\000e\000x\000i\000c\000a\000l\000\040\000E\000l\000e\000m\000e\000n\000t\000s}{section.3.3}% 19
\BOOKMARK [2][-]{subsection.3.3.2}{\376\377\000V\000a\000r\000i\000a\000b\000l\000e\000\040\000D\000e\000c\000l\000a\000r\000a\000t\000i\000o\000n\000\040\000a\000n\000d\000\040\000A\000s\000s\000i\000g\000n\000m\000e\000n\000t}{section.3.3}% 20
\BOOKMARK [2][-]{subsection.3.3.3}{\376\377\000F\000u\000n\000c\000t\000i\000o\000n\000\040\000D\000e\000f\000i\000n\000i\000t\000i\000o\000n\000s}{section.3.3}% 21
\BOOKMARK [2][-]{subsection.3.3.4}{\376\377\000C\000o\000n\000t\000r\000o\000l\000\040\000F\000l\000o\000w}{section.3.3}% 22
\BOOKMARK [3][-]{subsubsection.3.3.4.1}{\376\377\000C\000o\000n\000d\000i\000t\000i\000o\000n\000a\000l\000\040\000S\000t\000a\000t\000e\000m\000e\000n\000t\000s}{subsection.3.3.4}% 23
\BOOKMARK [3][-]{subsubsection.3.3.4.2}{\376\377\000L\000o\000o\000p\000s}{subsection.3.3.4}% 24
\BOOKMARK [2][-]{subsection.3.3.5}{\376\377\000E\000x\000p\000r\000e\000s\000s\000i\000o\000n\000s}{section.3.3}% 25
\BOOKMARK [2][-]{subsection.3.3.6}{\376\377\000B\000l\000o\000c\000k\000s\000\040\000a\000n\000d\000\040\000T\000a\000i\000l\000\040\000E\000x\000p\000r\000e\000s\000s\000i\000o\000n\000s}{section.3.3}% 26
\BOOKMARK [1][-]{section.3.4}{\376\377\000T\000y\000p\000e\000\040\000S\000y\000s\000t\000e\000m}{chapter.3}% 27
\BOOKMARK [2][-]{subsection.3.4.1}{\376\377\000P\000r\000i\000m\000i\000t\000i\000v\000e\000\040\000T\000y\000p\000e\000s}{section.3.4}% 28
\BOOKMARK [2][-]{subsection.3.4.2}{\376\377\000C\000o\000m\000p\000o\000s\000i\000t\000e\000\040\000T\000y\000p\000e\000s}{section.3.4}% 29
\BOOKMARK [3][-]{subsubsection.3.4.2.1}{\376\377\000V\000e\000c\000t\000o\000r\000\040\000T\000y\000p\000e\000s}{subsection.3.4.2}% 30
\BOOKMARK [3][-]{subsubsection.3.4.2.2}{\376\377\000F\000u\000n\000c\000t\000i\000o\000n\000\040\000T\000y\000p\000e\000s}{subsection.3.4.2}% 31
\BOOKMARK [2][-]{subsection.3.4.3}{\376\377\000T\000y\000p\000e\000\040\000I\000n\000f\000e\000r\000e\000n\000c\000e}{section.3.4}% 32
\BOOKMARK [2][-]{subsection.3.4.4}{\376\377\000T\000y\000p\000i\000n\000g\000\040\000R\000u\000l\000e\000s}{section.3.4}% 33
\BOOKMARK [3][-]{subsubsection.3.4.4.1}{\376\377\000V\000a\000r\000i\000a\000b\000l\000e\000\040\000R\000e\000f\000e\000r\000e\000n\000c\000e}{subsection.3.4.4}% 34
\BOOKMARK [3][-]{subsubsection.3.4.4.2}{\376\377\000F\000u\000n\000c\000t\000i\000o\000n\000\040\000A\000p\000p\000l\000i\000c\000a\000t\000i\000o\000n}{subsection.3.4.4}% 35
\BOOKMARK [3][-]{subsubsection.3.4.4.3}{\376\377\000F\000u\000n\000c\000t\000i\000o\000n\000\040\000D\000e\000f\000i\000n\000i\000t\000i\000o\000n}{subsection.3.4.4}% 36
\BOOKMARK [3][-]{subsubsection.3.4.4.4}{\376\377\000B\000i\000n\000a\000r\000y\000\040\000O\000p\000e\000r\000a\000t\000i\000o\000n\000s}{subsection.3.4.4}% 37
\BOOKMARK [3][-]{subsubsection.3.4.4.5}{\376\377\000V\000e\000c\000t\000o\000r\000\040\000O\000p\000e\000r\000a\000t\000i\000o\000n\000s}{subsection.3.4.4}% 38
\BOOKMARK [3][-]{subsubsection.3.4.4.6}{\376\377\000C\000o\000n\000d\000i\000t\000i\000o\000n\000a\000l\000s}{subsection.3.4.4}% 39
\BOOKMARK [2][-]{subsection.3.4.5}{\376\377\000S\000c\000o\000p\000i\000n\000g\000\040\000a\000n\000d\000\040\000C\000l\000o\000s\000u\000r\000e\000s}{section.3.4}% 40
\BOOKMARK [1][-]{section.3.5}{\376\377\000S\000e\000m\000a\000n\000t\000i\000c\000s}{chapter.3}% 41
\BOOKMARK [2][-]{subsection.3.5.1}{\376\377\000E\000x\000p\000r\000e\000s\000s\000i\000o\000n\000\040\000E\000v\000a\000l\000u\000a\000t\000i\000o\000n}{section.3.5}% 42
\BOOKMARK [3][-]{subsubsection.3.5.1.1}{\376\377\000L\000i\000t\000e\000r\000a\000l\000\040\000E\000v\000a\000l\000u\000a\000t\000i\000o\000n}{subsection.3.5.1}% 43
\BOOKMARK [3][-]{subsubsection.3.5.1.2}{\376\377\000V\000a\000r\000i\000a\000b\000l\000e\000\040\000L\000o\000o\000k\000u\000p}{subsection.3.5.1}% 44
\BOOKMARK [3][-]{subsubsection.3.5.1.3}{\376\377\000B\000i\000n\000a\000r\000y\000\040\000O\000p\000e\000r\000a\000t\000i\000o\000n\000s}{subsection.3.5.1}% 45
\BOOKMARK [3][-]{subsubsection.3.5.1.4}{\376\377\000F\000u\000n\000c\000t\000i\000o\000n\000\040\000A\000p\000p\000l\000i\000c\000a\000t\000i\000o\000n}{subsection.3.5.1}% 46
\BOOKMARK [2][-]{subsection.3.5.2}{\376\377\000S\000t\000a\000t\000e\000m\000e\000n\000t\000\040\000E\000x\000e\000c\000u\000t\000i\000o\000n}{section.3.5}% 47
\BOOKMARK [3][-]{subsubsection.3.5.2.1}{\376\377\000A\000s\000s\000i\000g\000n\000m\000e\000n\000t}{subsection.3.5.2}% 48
\BOOKMARK [3][-]{subsubsection.3.5.2.2}{\376\377\000C\000o\000n\000d\000i\000t\000i\000o\000n\000a\000l\000\040\000E\000x\000e\000c\000u\000t\000i\000o\000n}{subsection.3.5.2}% 49
\BOOKMARK [3][-]{subsubsection.3.5.2.3}{\376\377\000W\000h\000i\000l\000e\000\040\000L\000o\000o\000p\000s}{subsection.3.5.2}% 50
\BOOKMARK [3][-]{subsubsection.3.5.2.4}{\376\377\000F\000o\000r\000\040\000L\000o\000o\000p\000s}{subsection.3.5.2}% 51
\BOOKMARK [2][-]{subsection.3.5.3}{\376\377\000F\000u\000n\000c\000t\000i\000o\000n\000\040\000C\000a\000l\000l\000s\000\040\000a\000n\000d\000\040\000R\000e\000t\000u\000r\000n}{section.3.5}% 52
\BOOKMARK [2][-]{subsection.3.5.4}{\376\377\000B\000u\000i\000l\000t\000-\000i\000n\000\040\000F\000u\000n\000c\000t\000i\000o\000n\000s}{section.3.5}% 53
\BOOKMARK [0][-]{chapter.4}{\376\377\000C\000o\000m\000p\000i\000l\000e\000r\000\040\000a\000n\000d\000\040\000R\000u\000n\000t\000i\000m\000e}{}% 54
\BOOKMARK [1][-]{section.4.1}{\376\377\000C\000o\000m\000p\000i\000l\000e\000r\000\040\000A\000r\000c\000h\000i\000t\000e\000c\000t\000u\000r\000e}{chapter.4}% 55
\BOOKMARK [1][-]{section.4.2}{\376\377\000W\000e\000b\000A\000s\000s\000e\000m\000b\000l\000y\000\040\000C\000o\000d\000e\000\040\000G\000e\000n\000e\000r\000a\000t\000i\000o\000n}{chapter.4}% 56
\BOOKMARK [2][-]{subsection.4.2.1}{\376\377\000T\000y\000p\000e\000\040\000M\000a\000p\000p\000i\000n\000g}{section.4.2}% 57
\BOOKMARK [3][-]{subsubsection.4.2.1.1}{\376\377\000V\000e\000c\000t\000o\000r\000\040\000R\000e\000p\000r\000e\000s\000e\000n\000t\000a\000t\000i\000o\000n}{subsection.4.2.1}% 58
\BOOKMARK [3][-]{subsubsection.4.2.1.2}{\376\377\000F\000u\000n\000c\000t\000i\000o\000n\000\040\000R\000e\000f\000e\000r\000e\000n\000c\000e\000s}{subsection.4.2.1}% 59
\BOOKMARK [2][-]{subsection.4.2.2}{\376\377\000E\000x\000p\000r\000e\000s\000s\000i\000o\000n\000\040\000C\000o\000m\000p\000i\000l\000a\000t\000i\000o\000n}{section.4.2}% 60
\BOOKMARK [3][-]{subsubsection.4.2.2.1}{\376\377\000L\000i\000t\000e\000r\000a\000l\000s}{subsection.4.2.2}% 61
\BOOKMARK [3][-]{subsubsection.4.2.2.2}{\376\377\000V\000a\000r\000i\000a\000b\000l\000e\000s}{subsection.4.2.2}% 62
\BOOKMARK [3][-]{subsubsection.4.2.2.3}{\376\377\000B\000i\000n\000a\000r\000y\000\040\000O\000p\000e\000r\000a\000t\000i\000o\000n\000s}{subsection.4.2.2}% 63
\BOOKMARK [3][-]{subsubsection.4.2.2.4}{\376\377\000F\000u\000n\000c\000t\000i\000o\000n\000\040\000C\000a\000l\000l\000s}{subsection.4.2.2}% 64
\BOOKMARK [2][-]{subsection.4.2.3}{\376\377\000S\000t\000a\000t\000e\000m\000e\000n\000t\000\040\000C\000o\000m\000p\000i\000l\000a\000t\000i\000o\000n}{section.4.2}% 65
\BOOKMARK [3][-]{subsubsection.4.2.3.1}{\376\377\000A\000s\000s\000i\000g\000n\000m\000e\000n\000t}{subsection.4.2.3}% 66
\BOOKMARK [3][-]{subsubsection.4.2.3.2}{\376\377\000C\000o\000n\000t\000r\000o\000l\000\040\000F\000l\000o\000w}{subsection.4.2.3}% 67
\BOOKMARK [2][-]{subsection.4.2.4}{\376\377\000F\000u\000n\000c\000t\000i\000o\000n\000\040\000C\000o\000m\000p\000i\000l\000a\000t\000i\000o\000n}{section.4.2}% 68
\BOOKMARK [1][-]{section.4.3}{\376\377\000R\000u\000n\000t\000i\000m\000e\000\040\000S\000y\000s\000t\000e\000m}{chapter.4}% 69
\BOOKMARK [2][-]{subsection.4.3.1}{\376\377\000M\000e\000m\000o\000r\000y\000\040\000M\000a\000n\000a\000g\000e\000m\000e\000n\000t}{section.4.3}% 70
\BOOKMARK [2][-]{subsection.4.3.2}{\376\377\000V\000e\000c\000t\000o\000r\000\040\000O\000p\000e\000r\000a\000t\000i\000o\000n\000s}{section.4.3}% 71
\BOOKMARK [2][-]{subsection.4.3.3}{\376\377\000B\000u\000i\000l\000t\000-\000i\000n\000\040\000F\000u\000n\000c\000t\000i\000o\000n\000\040\000I\000m\000p\000l\000e\000m\000e\000n\000t\000a\000t\000i\000o\000n\000s}{section.4.3}% 72
\BOOKMARK [3][-]{subsubsection.4.3.3.1}{\376\377\000P\000r\000i\000n\000t\000\040\000F\000u\000n\000c\000t\000i\000o\000n}{subsection.4.3.3}% 73
\BOOKMARK [3][-]{subsubsection.4.3.3.2}{\376\377\000S\000e\000q\000u\000e\000n\000c\000e\000\040\000G\000e\000n\000e\000r\000a\000t\000i\000o\000n}{subsection.4.3.3}% 74
\BOOKMARK [2][-]{subsection.4.3.4}{\376\377\000W\000A\000S\000I\000\040\000I\000n\000t\000e\000g\000r\000a\000t\000i\000o\000n}{section.4.3}% 75
\BOOKMARK [1][-]{section.4.4}{\376\377\000I\000m\000p\000l\000e\000m\000e\000n\000t\000a\000t\000i\000o\000n\000\040\000D\000e\000t\000a\000i\000l\000s}{chapter.4}% 76
\BOOKMARK [2][-]{subsection.4.4.1}{\376\377\000C\000o\000m\000p\000i\000l\000a\000t\000i\000o\000n\000\040\000L\000i\000m\000i\000t\000a\000t\000i\000o\000n\000s}{section.4.4}% 77
\BOOKMARK [2][-]{subsection.4.4.2}{\376\377\000D\000e\000s\000i\000g\000n\000\040\000D\000e\000c\000i\000s\000i\000o\000n\000s}{section.4.4}% 78
\BOOKMARK [2][-]{subsection.4.4.3}{\376\377\000P\000e\000r\000f\000o\000r\000m\000a\000n\000c\000e\000\040\000C\000o\000n\000s\000i\000d\000e\000r\000a\000t\000i\000o\000n\000s}{section.4.4}% 79
\BOOKMARK [1][-]{section.4.5}{\376\377\000R\000u\000n\000t\000i\000m\000e\000\040\000S\000y\000s\000t\000e\000m}{chapter.4}% 80
\BOOKMARK [1][-]{section.4.6}{\376\377\000I\000m\000p\000l\000e\000m\000e\000n\000t\000a\000t\000i\000o\000n\000\040\000D\000e\000t\000a\000i\000l\000s}{chapter.4}% 81
\BOOKMARK [0][-]{chapter.5}{\376\377\000E\000v\000a\000l\000u\000a\000t\000i\000o\000n}{}% 82
\BOOKMARK [1][-]{section.5.1}{\376\377\000C\000o\000r\000r\000e\000c\000t\000n\000e\000s\000s}{chapter.5}% 83
\BOOKMARK [2][-]{subsection.5.1.1}{\376\377\000T\000y\000p\000e\000\040\000S\000a\000f\000e\000t\000y}{section.5.1}% 84
\BOOKMARK [1][-]{section.5.2}{\376\377\000P\000e\000r\000f\000o\000r\000m\000a\000n\000c\000e}{chapter.5}% 85
\BOOKMARK [2][-]{subsection.5.2.1}{\376\377\000C\000o\000m\000p\000i\000l\000a\000t\000i\000o\000n\000\040\000T\000i\000m\000e}{section.5.2}% 86
\BOOKMARK [2][-]{subsection.5.2.2}{\376\377\000R\000u\000n\000t\000i\000m\000e\000\040\000P\000e\000r\000f\000o\000r\000m\000a\000n\000c\000e}{section.5.2}% 87
\BOOKMARK [1][-]{section.5.3}{\376\377\000D\000i\000s\000c\000u\000s\000s\000i\000o\000n}{chapter.5}% 88
\BOOKMARK [2][-]{subsection.5.3.1}{\376\377\000A\000c\000h\000i\000e\000v\000e\000m\000e\000n\000t\000s}{section.5.3}% 89
\BOOKMARK [2][-]{subsection.5.3.2}{\376\377\000L\000i\000m\000i\000t\000a\000t\000i\000o\000n\000s}{section.5.3}% 90
\BOOKMARK [2][-]{subsection.5.3.3}{\376\377\000F\000u\000t\000u\000r\000e\000\040\000W\000o\000r\000k}{section.5.3}% 91
\BOOKMARK [2][-]{subsection.5.3.4}{\376\377\000R\000e\000l\000a\000t\000e\000d\000\040\000W\000o\000r\000k}{section.5.3}% 92
\BOOKMARK [0][-]{chapter.6}{\376\377\000C\000o\000n\000c\000l\000u\000s\000i\000o\000n}{}% 93
\BOOKMARK [0][-]{appendix.A}{\376\377\000S\000o\000m\000e\000\040\000c\000o\000n\000t\000e\000n\000t}{}% 94
\BOOKMARK [0][-]{appendix*.29}{\376\377\000C\000o\000n\000t\000e\000n\000t\000s\000\040\000o\000f\000\040\000t\000h\000e\000\040\000a\000t\000t\000a\000c\000h\000m\000e\000n\000t}{}% 95
